{"type": "startup", "config": {"mode": "paper", "symbols": ["BTCUSDT"], "interval_sec": 5, "risk_per_trade_pct": 1.0, "max_daily_loss_pct": 5.0, "max_trades_per_day": 3}, "ts": "2026-02-13T18:37:57.404586+00:00"}
{"type": "tick", "counter": 1, "symbol": "BTCUSDT", "mode": "paper", "price": 91.0, "trades_today": 0, "has_position": false, "ts": "2026-02-13T18:37:57.404710+00:00"}
{"type": "tick", "counter": 2, "symbol": "BTCUSDT", "mode": "paper", "price": 92.0, "trades_today": 0, "has_position": false, "ts": "2026-02-13T18:37:59.485461+00:00"}
{"type": "tick", "counter": 3, "symbol": "BTCUSDT", "mode": "paper", "price": 93.0, "trades_today": 0, "has_position": false, "ts": "2026-02-13T18:38:04.593644+00:00"}
{"type": "tick", "counter": 4, "symbol": "BTCUSDT", "mode": "paper", "price": 94.0, "trades_today": 0, "has_position": false, "ts": "2026-02-13T18:38:09.800212+00:00"}
{"type": "tick", "counter": 5, "symbol": "BTCUSDT", "mode": "paper", "price": 95.0, "trades_today": 0, "has_position": false, "ts": "2026-02-13T18:38:15.139483+00:00"}
{"type": "tick", "counter": 6, "symbol": "BTCUSDT", "mode": "paper", "price": 96.0, "trades_today": 0, "has_position": false, "ts": "2026-02-13T18:38:20.187439+00:00"}
{"type": "tick", "counter": 7, "symbol": "BTCUSDT", "mode": "paper", "price": 97.0, "trades_today": 0, "has_position": false, "ts": "2026-02-13T18:38:25.232918+00:00"}
{"type": "tick", "counter": 8, "symbol": "BTCUSDT", "mode": "paper", "price": 98.0, "trades_today": 0, "has_position": false, "ts": "2026-02-13T18:38:27.243899+00:00"}
{"type": "tick", "counter": 9, "symbol": "BTCUSDT", "mode": "paper", "price": 99.0, "trades_today": 0, "has_position": false, "ts": "2026-02-13T18:38:32.345749+00:00"}
{"type": "tick", "counter": 10, "symbol": "BTCUSDT", "mode": "paper", "price": 100.0, "trades_today": 0, "has_position": false, "ts": "2026-02-13T18:38:37.449672+00:00"}
{"type": "tick", "counter": 11, "symbol": "BTCUSDT", "mode": "paper", "price": 101.0, "trades_today": 0, "has_position": false, "ts": "2026-02-13T18:38:42.628838+00:00"}
{"type": "tick", "counter": 12, "symbol": "BTCUSDT", "mode": "paper", "price": 102.0, "trades_today": 0, "has_position": false, "ts": "2026-02-13T18:38:47.880368+00:00"}
{"type": "tick", "counter": 13, "symbol": "BTCUSDT", "mode": "paper", "price": 103.0, "trades_today": 0, "has_position": false, "ts": "2026-02-13T18:38:52.939924+00:00"}
{"type": "tick", "counter": 14, "symbol": "BTCUSDT", "mode": "paper", "price": 104.0, "trades_today": 0, "has_position": false, "ts": "2026-02-13T18:38:58.107325+00:00"}
{"type": "tick", "counter": 15, "symbol": "BTCUSDT", "mode": "paper", "price": 105.0, "trades_today": 0, "has_position": false, "ts": "2026-02-13T18:39:00.359103+00:00"}
{"type": "tick", "counter": 16, "symbol": "BTCUSDT", "mode": "paper", "price": 106.0, "trades_today": 0, "has_position": false, "ts": "2026-02-13T18:39:05.362991+00:00"}
{"type": "tick", "counter": 17, "symbol": "BTCUSDT", "mode": "paper", "price": 107.0, "trades_today": 0, "has_position": false, "ts": "2026-02-13T18:39:10.467566+00:00"}
{"type": "tick", "counter": 18, "symbol": "BTCUSDT", "mode": "paper", "price": 108.0, "trades_today": 0, "has_position": false, "ts": "2026-02-13T18:39:15.686539+00:00"}
{"type": "tick", "counter": 19, "symbol": "BTCUSDT", "mode": "paper", "price": 109.0, "trades_today": 0, "has_position": false, "ts": "2026-02-13T18:39:20.808509+00:00"}
{"type": "tick", "counter": 20, "symbol": "BTCUSDT", "mode": "paper", "price": 90.0, "trades_today": 0, "has_position": false, "ts": "2026-02-13T18:39:25.851930+00:00"}
{"type": "tick", "counter": 21, "symbol": "BTCUSDT", "mode": "paper", "price": 91.0, "trades_today": 0, "has_position": false, "ts": "2026-02-13T18:39:27.976445+00:00"}
{"type": "tick", "counter": 22, "symbol": "BTCUSDT", "mode": "paper", "price": 92.0, "trades_today": 0, "has_position": false, "ts": "2026-02-13T18:39:33.229033+00:00"}
{"type": "tick", "counter": 23, "symbol": "BTCUSDT", "mode": "paper", "price": 93.0, "trades_today": 0, "has_position": false, "ts": "2026-02-13T18:39:38.408348+00:00"}
{"type": "tick", "counter": 24, "symbol": "BTCUSDT", "mode": "paper", "price": 94.0, "trades_today": 0, "has_position": false, "ts": "2026-02-13T18:39:43.510597+00:00"}
{"type": "tick", "counter": 25, "symbol": "BTCUSDT", "mode": "paper", "price": 95.0, "trades_today": 0, "has_position": false, "ts": "2026-02-13T18:39:48.572338+00:00"}
{"type": "tick", "counter": 26, "symbol": "BTCUSDT", "mode": "paper", "price": 96.0, "trades_today": 0, "has_position": false, "ts": "2026-02-13T18:39:53.744086+00:00"}
{"type": "tick", "counter": 27, "symbol": "BTCUSDT", "mode": "paper", "price": 97.0, "trades_today": 0, "has_position": false, "ts": "2026-02-13T18:39:58.773763+00:00"}
{"type": "tick", "counter": 28, "symbol": "BTCUSDT", "mode": "paper", "price": 98.0, "trades_today": 0, "has_position": false, "ts": "2026-02-13T18:40:00.872404+00:00"}
{"type": "tick", "counter": 29, "symbol": "BTCUSDT", "mode": "paper", "price": 99.0, "trades_today": 0, "has_position": false, "ts": "2026-02-13T18:40:06.030928+00:00"}
{"type": "tick", "counter": 30, "symbol": "BTCUSDT", "mode": "paper", "price": 100.0, "trades_today": 0, "has_position": false, "ts": "2026-02-13T18:40:11.262835+00:00"}
{"type": "position_opened", "symbol": "BTCUSDT", "side": "long", "entry_price": 100.0, "size": 1.0, "ts": "2026-02-13T18:40:11.263045+00:00"}
{"type": "tick", "counter": 31, "symbol": "BTCUSDT", "mode": "paper", "price": 101.0, "trades_today": 1, "has_position": true, "ts": "2026-02-13T18:40:16.359019+00:00"}
{"type": "tick", "counter": 32, "symbol": "BTCUSDT", "mode": "paper", "price": 102.0, "trades_today": 1, "has_position": true, "ts": "2026-02-13T18:40:21.530094+00:00"}
{"type": "tick", "counter": 33, "symbol": "BTCUSDT", "mode": "paper", "price": 103.0, "trades_today": 1, "has_position": true, "ts": "2026-02-13T18:40:26.768304+00:00"}
{"type": "tick", "counter": 34, "symbol": "BTCUSDT", "mode": "paper", "price": 104.0, "trades_today": 1, "has_position": true, "ts": "2026-02-13T18:40:28.794281+00:00"}
{"type": "tick", "counter": 35, "symbol": "BTCUSDT", "mode": "paper", "price": 105.0, "trades_today": 1, "has_position": true, "ts": "2026-02-13T18:40:33.948790+00:00"}
{"type": "tick", "counter": 36, "symbol": "BTCUSDT", "mode": "paper", "price": 106.0, "trades_today": 1, "has_position": true, "ts": "2026-02-13T18:40:39.189408+00:00"}
{"type": "tick", "counter": 37, "symbol": "BTCUSDT", "mode": "paper", "price": 107.0, "trades_today": 1, "has_position": true, "ts": "2026-02-13T18:40:44.235834+00:00"}
{"type": "tick", "counter": 38, "symbol": "BTCUSDT", "mode": "paper", "price": 108.0, "trades_today": 1, "has_position": true, "ts": "2026-02-13T18:40:49.329139+00:00"}
{"type": "tick", "counter": 39, "symbol": "BTCUSDT", "mode": "paper", "price": 109.0, "trades_today": 1, "has_position": true, "ts": "2026-02-13T18:40:54.535716+00:00"}
{"type": "tick", "counter": 40, "symbol": "BTCUSDT", "mode": "paper", "price": 90.0, "trades_today": 1, "has_position": true, "ts": "2026-02-13T18:40:56.689212+00:00"}
{"type": "position_closed", "symbol": "BTCUSDT", "side": "long", "entry_price": 100.0, "exit_price": 90.0, "pnl": -10.0, "ts": "2026-02-13T18:40:56.689488+00:00"}
{"type": "tick", "counter": 41, "symbol": "BTCUSDT", "mode": "paper", "price": 91.0, "trades_today": 1, "has_position": false, "ts": "2026-02-13T18:41:01.640647+00:00"}
{"type": "tick", "counter": 42, "symbol": "BTCUSDT", "mode": "paper", "price": 92.0, "trades_today": 1, "has_position": false, "ts": "2026-02-13T18:41:06.773211+00:00"}
{"type": "tick", "counter": 43, "symbol": "BTCUSDT", "mode": "paper", "price": 93.0, "trades_today": 1, "has_position": false, "ts": "2026-02-13T18:41:11.803382+00:00"}
{"type": "tick", "counter": 44, "symbol": "BTCUSDT", "mode": "paper", "price": 94.0, "trades_today": 1, "has_position": false, "ts": "2026-02-13T18:41:16.895884+00:00"}
{"type": "tick", "counter": 45, "symbol": "BTCUSDT", "mode": "paper", "price": 95.0, "trades_today": 1, "has_position": false, "ts": "2026-02-13T18:41:21.952402+00:00"}
{"type": "tick", "counter": 46, "symbol": "BTCUSDT", "mode": "paper", "price": 96.0, "trades_today": 1, "has_position": false, "ts": "2026-02-13T18:41:26.957741+00:00"}
{"type": "tick", "counter": 47, "symbol": "BTCUSDT", "mode": "paper", "price": 97.0, "trades_today": 1, "has_position": false, "ts": "2026-02-13T18:41:29.029928+00:00"}
{"type": "tick", "counter": 48, "symbol": "BTCUSDT", "mode": "paper", "price": 98.0, "trades_today": 1, "has_position": false, "ts": "2026-02-13T18:41:34.111981+00:00"}
{"type": "tick", "counter": 49, "symbol": "BTCUSDT", "mode": "paper", "price": 99.0, "trades_today": 1, "has_position": false, "ts": "2026-02-13T18:41:39.184415+00:00"}
{"type": "tick", "counter": 50, "symbol": "BTCUSDT", "mode": "paper", "price": 100.0, "trades_today": 1, "has_position": false, "ts": "2026-02-13T18:41:44.282750+00:00"}
{"type": "tick", "counter": 51, "symbol": "BTCUSDT", "mode": "paper", "price": 101.0, "trades_today": 1, "has_position": false, "ts": "2026-02-13T18:41:49.439379+00:00"}
{"type": "tick", "counter": 52, "symbol": "BTCUSDT", "mode": "paper", "price": 102.0, "trades_today": 1, "has_position": false, "ts": "2026-02-13T18:41:54.447609+00:00"}
{"type": "tick", "counter": 53, "symbol": "BTCUSDT", "mode": "paper", "price": 103.0, "trades_today": 1, "has_position": false, "ts": "2026-02-13T18:41:59.537003+00:00"}
{"type": "tick", "counter": 54, "symbol": "BTCUSDT", "mode": "paper", "price": 104.0, "trades_today": 1, "has_position": false, "ts": "2026-02-13T18:42:01.682466+00:00"}
{"type": "tick", "counter": 55, "symbol": "BTCUSDT", "mode": "paper", "price": 105.0, "trades_today": 1, "has_position": false, "ts": "2026-02-13T18:42:06.895259+00:00"}
{"type": "tick", "counter": 56, "symbol": "BTCUSDT", "mode": "paper", "price": 106.0, "trades_today": 1, "has_position": false, "ts": "2026-02-13T18:42:11.961249+00:00"}
{"type": "tick", "counter": 57, "symbol": "BTCUSDT", "mode": "paper", "price": 107.0, "trades_today": 1, "has_position": false, "ts": "2026-02-13T18:42:17.112308+00:00"}
{"type": "tick", "counter": 58, "symbol": "BTCUSDT", "mode": "paper", "price": 108.0, "trades_today": 1, "has_position": false, "ts": "2026-02-13T18:42:22.326534+00:00"}
{"type": "tick", "counter": 59, "symbol": "BTCUSDT", "mode": "paper", "price": 109.0, "trades_today": 1, "has_position": false, "ts": "2026-02-13T18:42:27.329772+00:00"}
{"type": "tick", "counter": 60, "symbol": "BTCUSDT", "mode": "paper", "price": 90.0, "trades_today": 1, "has_position": false, "ts": "2026-02-13T18:42:29.382624+00:00"}
{"type": "position_opened", "symbol": "BTCUSDT", "side": "long", "entry_price": 90.0, "size": 1.0, "ts": "2026-02-13T18:42:29.382811+00:00"}
{"type": "tick", "counter": 61, "symbol": "BTCUSDT", "mode": "paper", "price": 91.0, "trades_today": 2, "has_position": true, "ts": "2026-02-13T18:42:34.586159+00:00"}
{"type": "tick", "counter": 62, "symbol": "BTCUSDT", "mode": "paper", "price": 92.0, "trades_today": 2, "has_position": true, "ts": "2026-02-13T18:42:39.865425+00:00"}
{"type": "tick", "counter": 63, "symbol": "BTCUSDT", "mode": "paper", "price": 93.0, "trades_today": 2, "has_position": true, "ts": "2026-02-13T18:42:44.921197+00:00"}
{"type": "tick", "counter": 64, "symbol": "BTCUSDT", "mode": "paper", "price": 94.0, "trades_today": 2, "has_position": true, "ts": "2026-02-13T18:42:50.086807+00:00"}
{"type": "tick", "counter": 65, "symbol": "BTCUSDT", "mode": "paper", "price": 95.0, "trades_today": 2, "has_position": true, "ts": "2026-02-13T18:42:55.149782+00:00"}
{"type": "tick", "counter": 66, "symbol": "BTCUSDT", "mode": "paper", "price": 96.0, "trades_today": 2, "has_position": true, "ts": "2026-02-13T18:42:57.265152+00:00"}
{"type": "tick", "counter": 67, "symbol": "BTCUSDT", "mode": "paper", "price": 97.0, "trades_today": 2, "has_position": true, "ts": "2026-02-13T18:43:02.238022+00:00"}
{"type": "startup", "config": {"mode": "paper", "symbols": ["BTCUSDT"], "interval_sec": 5, "risk_per_trade_pct": 1.0, "max_daily_loss_pct": 5.0, "max_trades_per_day": 3}, "ts": "2026-02-13T18:52:53.270538+00:00"}
{"type": "startup", "config": {"mode": "paper", "symbols": ["BTCUSDT"], "interval_sec": 5, "risk_per_trade_pct": 1.0, "max_daily_loss_pct": 5.0, "max_trades_per_day": 3}, "ts": "2026-02-13T18:58:42.755575+00:00"}
{"type": "startup", "config": {"mode": "paper", "symbols": ["BTCUSDT"], "interval_sec": 5, "risk_per_trade_pct": 1.0, "max_daily_loss_pct": 5.0, "max_trades_per_day": 3}, "ts": "2026-02-13T19:05:12.150936+00:00"}
{"type": "marketdata_ok", "symbol": "BTCUSDT", "price": 69004.8, "ts": "2026-02-13T19:05:12.529065+00:00"}
{"type": "tick", "counter": 1, "symbol": "BTCUSDT", "mode": "paper", "price": 69004.8, "trades_today": 0, "has_position": false, "ts": "2026-02-13T19:05:12.529427+00:00"}
{"type": "marketdata_ok", "symbol": "BTCUSDT", "price": 68986.38, "ts": "2026-02-13T19:05:17.924473+00:00"}
{"type": "tick", "counter": 2, "symbol": "BTCUSDT", "mode": "paper", "price": 68986.38, "trades_today": 0, "has_position": false, "ts": "2026-02-13T19:05:17.924804+00:00"}
{"type": "marketdata_ok", "symbol": "BTCUSDT", "price": 68998.74, "ts": "2026-02-13T19:05:23.434776+00:00"}
{"type": "tick", "counter": 3, "symbol": "BTCUSDT", "mode": "paper", "price": 68998.74, "trades_today": 0, "has_position": false, "ts": "2026-02-13T19:05:23.435158+00:00"}
{"type": "marketdata_ok", "symbol": "BTCUSDT", "price": 68989.07, "ts": "2026-02-13T19:05:28.882925+00:00"}
{"type": "tick", "counter": 4, "symbol": "BTCUSDT", "mode": "paper", "price": 68989.07, "trades_today": 0, "has_position": false, "ts": "2026-02-13T19:05:28.884989+00:00"}
{"type": "marketdata_ok", "symbol": "BTCUSDT", "price": 69007.53, "ts": "2026-02-13T19:05:31.296900+00:00"}
{"type": "tick", "counter": 5, "symbol": "BTCUSDT", "mode": "paper", "price": 69007.53, "trades_today": 0, "has_position": false, "ts": "2026-02-13T19:05:31.297057+00:00"}
{"type": "marketdata_ok", "symbol": "BTCUSDT", "price": 69006.66, "ts": "2026-02-13T19:05:36.703952+00:00"}
{"type": "tick", "counter": 6, "symbol": "BTCUSDT", "mode": "paper", "price": 69006.66, "trades_today": 0, "has_position": false, "ts": "2026-02-13T19:05:36.704374+00:00"}
{"type": "marketdata_ok", "symbol": "BTCUSDT", "price": 69013.15, "ts": "2026-02-13T19:05:42.212210+00:00"}
{"type": "tick", "counter": 7, "symbol": "BTCUSDT", "mode": "paper", "price": 69013.15, "trades_today": 0, "has_position": false, "ts": "2026-02-13T19:05:42.212652+00:00"}
{"type": "marketdata_ok", "symbol": "BTCUSDT", "price": 69012.93, "ts": "2026-02-13T19:05:47.636084+00:00"}
{"type": "tick", "counter": 8, "symbol": "BTCUSDT", "mode": "paper", "price": 69012.93, "trades_today": 0, "has_position": false, "ts": "2026-02-13T19:05:47.636419+00:00"}
{"type": "marketdata_ok", "symbol": "BTCUSDT", "price": 69010.87, "ts": "2026-02-13T19:05:53.256994+00:00"}
{"type": "tick", "counter": 9, "symbol": "BTCUSDT", "mode": "paper", "price": 69010.87, "trades_today": 0, "has_position": false, "ts": "2026-02-13T19:05:53.257271+00:00"}
{"type": "marketdata_ok", "symbol": "BTCUSDT", "price": 69020.4, "ts": "2026-02-13T19:05:58.640707+00:00"}
{"type": "tick", "counter": 10, "symbol": "BTCUSDT", "mode": "paper", "price": 69020.4, "trades_today": 0, "has_position": false, "ts": "2026-02-13T19:05:58.640878+00:00"}
{"type": "marketdata_ok", "symbol": "BTCUSDT", "price": 69027.76, "ts": "2026-02-13T19:06:01.073211+00:00"}
{"type": "tick", "counter": 11, "symbol": "BTCUSDT", "mode": "paper", "price": 69027.76, "trades_today": 0, "has_position": false, "ts": "2026-02-13T19:06:01.073678+00:00"}
{"type": "marketdata_ok", "symbol": "BTCUSDT", "price": 69038.17, "ts": "2026-02-13T19:06:06.715129+00:00"}
{"type": "tick", "counter": 12, "symbol": "BTCUSDT", "mode": "paper", "price": 69038.17, "trades_today": 0, "has_position": false, "ts": "2026-02-13T19:06:06.715276+00:00"}
{"type": "marketdata_ok", "symbol": "BTCUSDT", "price": 69026.73, "ts": "2026-02-13T19:06:12.122399+00:00"}
{"type": "tick", "counter": 13, "symbol": "BTCUSDT", "mode": "paper", "price": 69026.73, "trades_today": 0, "has_position": false, "ts": "2026-02-13T19:06:12.122679+00:00"}
{"type": "marketdata_ok", "symbol": "BTCUSDT", "price": 69015.78, "ts": "2026-02-13T19:06:17.646635+00:00"}
{"type": "tick", "counter": 14, "symbol": "BTCUSDT", "mode": "paper", "price": 69015.78, "trades_today": 0, "has_position": false, "ts": "2026-02-13T19:06:17.646809+00:00"}
{"type": "marketdata_ok", "symbol": "BTCUSDT", "price": 69020.82, "ts": "2026-02-13T19:06:23.314910+00:00"}
{"type": "tick", "counter": 15, "symbol": "BTCUSDT", "mode": "paper", "price": 69020.82, "trades_today": 0, "has_position": false, "ts": "2026-02-13T19:06:23.315240+00:00"}
{"type": "marketdata_ok", "symbol": "BTCUSDT", "price": 69020.83, "ts": "2026-02-13T19:06:28.741189+00:00"}
{"type": "tick", "counter": 16, "symbol": "BTCUSDT", "mode": "paper", "price": 69020.83, "trades_today": 0, "has_position": false, "ts": "2026-02-13T19:06:28.741609+00:00"}
{"type": "marketdata_ok", "symbol": "BTCUSDT", "price": 69020.83, "ts": "2026-02-13T19:06:31.190355+00:00"}
{"type": "tick", "counter": 17, "symbol": "BTCUSDT", "mode": "paper", "price": 69020.83, "trades_today": 0, "has_position": false, "ts": "2026-02-13T19:06:31.190622+00:00"}
{"type": "marketdata_ok", "symbol": "BTCUSDT", "price": 69043.94, "ts": "2026-02-13T19:06:36.671724+00:00"}
{"type": "tick", "counter": 18, "symbol": "BTCUSDT", "mode": "paper", "price": 69043.94, "trades_today": 0, "has_position": false, "ts": "2026-02-13T19:06:36.671987+00:00"}
{"type": "marketdata_ok", "symbol": "BTCUSDT", "price": 69054.33, "ts": "2026-02-13T19:06:42.169465+00:00"}
{"type": "tick", "counter": 19, "symbol": "BTCUSDT", "mode": "paper", "price": 69054.33, "trades_today": 0, "has_position": false, "ts": "2026-02-13T19:06:42.169817+00:00"}
{"type": "marketdata_ok", "symbol": "BTCUSDT", "price": 69044.0, "ts": "2026-02-13T19:06:47.808766+00:00"}
{"type": "tick", "counter": 20, "symbol": "BTCUSDT", "mode": "paper", "price": 69044.0, "trades_today": 0, "has_position": false, "ts": "2026-02-13T19:06:47.809066+00:00"}
{"type": "marketdata_ok", "symbol": "BTCUSDT", "price": 69044.01, "ts": "2026-02-13T19:06:53.246598+00:00"}
{"type": "tick", "counter": 21, "symbol": "BTCUSDT", "mode": "paper", "price": 69044.01, "trades_today": 0, "has_position": false, "ts": "2026-02-13T19:06:53.247015+00:00"}
{"type": "marketdata_ok", "symbol": "BTCUSDT", "price": 69037.09, "ts": "2026-02-13T19:06:58.782096+00:00"}
{"type": "tick", "counter": 22, "symbol": "BTCUSDT", "mode": "paper", "price": 69037.09, "trades_today": 0, "has_position": false, "ts": "2026-02-13T19:06:58.782382+00:00"}
{"type": "marketdata_ok", "symbol": "BTCUSDT", "price": 69075.79, "ts": "2026-02-13T19:07:01.210319+00:00"}
{"type": "tick", "counter": 23, "symbol": "BTCUSDT", "mode": "paper", "price": 69075.79, "trades_today": 0, "has_position": false, "ts": "2026-02-13T19:07:01.210621+00:00"}
{"type": "marketdata_ok", "symbol": "BTCUSDT", "price": 69075.91, "ts": "2026-02-13T19:07:06.613654+00:00"}
{"type": "tick", "counter": 24, "symbol": "BTCUSDT", "mode": "paper", "price": 69075.91, "trades_today": 0, "has_position": false, "ts": "2026-02-13T19:07:06.613953+00:00"}
{"type": "marketdata_ok", "symbol": "BTCUSDT", "price": 69078.01, "ts": "2026-02-13T19:07:12.233700+00:00"}
{"type": "tick", "counter": 25, "symbol": "BTCUSDT", "mode": "paper", "price": 69078.01, "trades_today": 0, "has_position": false, "ts": "2026-02-13T19:07:12.233819+00:00"}
{"type": "marketdata_ok", "symbol": "BTCUSDT", "price": 69074.14, "ts": "2026-02-13T19:07:17.591794+00:00"}
{"type": "tick", "counter": 26, "symbol": "BTCUSDT", "mode": "paper", "price": 69074.14, "trades_today": 0, "has_position": false, "ts": "2026-02-13T19:07:17.592230+00:00"}
{"type": "marketdata_ok", "symbol": "BTCUSDT", "price": 69091.17, "ts": "2026-02-13T19:07:23.085672+00:00"}
{"type": "tick", "counter": 27, "symbol": "BTCUSDT", "mode": "paper", "price": 69091.17, "trades_today": 0, "has_position": false, "ts": "2026-02-13T19:07:23.085906+00:00"}
{"type": "marketdata_ok", "symbol": "BTCUSDT", "price": 69088.53, "ts": "2026-02-13T19:07:28.718482+00:00"}
{"type": "tick", "counter": 28, "symbol": "BTCUSDT", "mode": "paper", "price": 69088.53, "trades_today": 0, "has_position": false, "ts": "2026-02-13T19:07:28.718850+00:00"}
{"type": "marketdata_ok", "symbol": "BTCUSDT", "price": 69079.31, "ts": "2026-02-13T19:07:31.148418+00:00"}
{"type": "tick", "counter": 29, "symbol": "BTCUSDT", "mode": "paper", "price": 69079.31, "trades_today": 0, "has_position": false, "ts": "2026-02-13T19:07:31.148756+00:00"}
{"type": "marketdata_ok", "symbol": "BTCUSDT", "price": 69068.81, "ts": "2026-02-13T19:07:36.699305+00:00"}
{"type": "tick", "counter": 30, "symbol": "BTCUSDT", "mode": "paper", "price": 69068.81, "trades_today": 0, "has_position": false, "ts": "2026-02-13T19:07:36.699451+00:00"}
{"type": "position_opened", "symbol": "BTCUSDT", "side": "long", "entry_price": 69068.81, "size": 1.0, "ts": "2026-02-13T19:07:36.699515+00:00"}
{"type": "marketdata_ok", "symbol": "BTCUSDT", "price": 69042.26, "ts": "2026-02-13T19:07:42.358041+00:00"}
{"type": "tick", "counter": 31, "symbol": "BTCUSDT", "mode": "paper", "price": 69042.26, "trades_today": 1, "has_position": true, "ts": "2026-02-13T19:07:42.358423+00:00"}
{"type": "marketdata_ok", "symbol": "BTCUSDT", "price": 69082.4, "ts": "2026-02-13T19:07:47.798033+00:00"}
{"type": "tick", "counter": 32, "symbol": "BTCUSDT", "mode": "paper", "price": 69082.4, "trades_today": 1, "has_position": true, "ts": "2026-02-13T19:07:47.798197+00:00"}
{"type": "marketdata_ok", "symbol": "BTCUSDT", "price": 69083.42, "ts": "2026-02-13T19:07:53.443075+00:00"}
{"type": "tick", "counter": 33, "symbol": "BTCUSDT", "mode": "paper", "price": 69083.42, "trades_today": 1, "has_position": true, "ts": "2026-02-13T19:07:53.443432+00:00"}
{"type": "marketdata_ok", "symbol": "BTCUSDT", "price": 69080.4, "ts": "2026-02-13T19:07:58.795769+00:00"}
{"type": "tick", "counter": 34, "symbol": "BTCUSDT", "mode": "paper", "price": 69080.4, "trades_today": 1, "has_position": true, "ts": "2026-02-13T19:07:58.796108+00:00"}
{"type": "marketdata_ok", "symbol": "BTCUSDT", "price": 69070.01, "ts": "2026-02-13T19:08:01.226838+00:00"}
{"type": "tick", "counter": 35, "symbol": "BTCUSDT", "mode": "paper", "price": 69070.01, "trades_today": 1, "has_position": true, "ts": "2026-02-13T19:08:01.227189+00:00"}
{"type": "marketdata_ok", "symbol": "BTCUSDT", "price": 69068.81, "ts": "2026-02-13T19:08:06.872848+00:00"}
{"type": "tick", "counter": 36, "symbol": "BTCUSDT", "mode": "paper", "price": 69068.81, "trades_today": 1, "has_position": true, "ts": "2026-02-13T19:08:06.873217+00:00"}
{"type": "marketdata_ok", "symbol": "BTCUSDT", "price": 69088.2, "ts": "2026-02-13T19:08:12.306030+00:00"}
{"type": "tick", "counter": 37, "symbol": "BTCUSDT", "mode": "paper", "price": 69088.2, "trades_today": 1, "has_position": true, "ts": "2026-02-13T19:08:12.306497+00:00"}
{"type": "marketdata_ok", "symbol": "BTCUSDT", "price": 69079.3, "ts": "2026-02-13T19:08:17.879583+00:00"}
{"type": "tick", "counter": 38, "symbol": "BTCUSDT", "mode": "paper", "price": 69079.3, "trades_today": 1, "has_position": true, "ts": "2026-02-13T19:08:17.879963+00:00"}
{"type": "marketdata_ok", "symbol": "BTCUSDT", "price": 69042.94, "ts": "2026-02-13T19:08:23.531803+00:00"}
{"type": "tick", "counter": 39, "symbol": "BTCUSDT", "mode": "paper", "price": 69042.94, "trades_today": 1, "has_position": true, "ts": "2026-02-13T19:08:23.532099+00:00"}
{"type": "marketdata_ok", "symbol": "BTCUSDT", "price": 69043.7, "ts": "2026-02-13T19:08:29.001393+00:00"}
{"type": "tick", "counter": 40, "symbol": "BTCUSDT", "mode": "paper", "price": 69043.7, "trades_today": 1, "has_position": true, "ts": "2026-02-13T19:08:29.001584+00:00"}
{"type": "position_closed", "symbol": "BTCUSDT", "side": "long", "entry_price": 69068.81, "exit_price": 69043.7, "pnl": -25.110000000000582, "ts": "2026-02-13T19:08:29.001672+00:00"}
{"type": "marketdata_ok", "symbol": "BTCUSDT", "price": 69036.1, "ts": "2026-02-13T19:08:31.451862+00:00"}
{"type": "tick", "counter": 41, "symbol": "BTCUSDT", "mode": "paper", "price": 69036.1, "trades_today": 1, "has_position": false, "ts": "2026-02-13T19:08:31.452195+00:00"}
{"type": "marketdata_ok", "symbol": "BTCUSDT", "price": 69035.44, "ts": "2026-02-13T19:08:36.818670+00:00"}
{"type": "tick", "counter": 42, "symbol": "BTCUSDT", "mode": "paper", "price": 69035.44, "trades_today": 1, "has_position": false, "ts": "2026-02-13T19:08:36.819033+00:00"}
